<?xml version="1.0" encoding="UTF-8"?>
<!-- Generated by org.testng.reporters.JUnitReportReporter -->
<testsuite skipped="0" hostname="LTUS43208" name="com.nbcd.Test.TCCreateContactUsRequestIhaveFeedback_1567" tests="1" failures="0" timestamp="11 Dec 2017 08:26:19 GMT" time="14.845" errors="0">
  <testcase name="CreateContactUsRequestIhaveFeedback" time="14.845" classname="com.nbcd.Test.TCCreateContactUsRequestIhaveFeedback_1567"/>
</testsuite> <!-- com.nbcd.Test.TCCreateContactUsRequestIhaveFeedback_1567 -->
