<?xml version="1.0" encoding="UTF-8"?>
<!-- Generated by org.testng.reporters.JUnitReportReporter -->
<testsuite skipped="1" hostname="LTUS43208" name="com.nbcd.Test.TCShowHomePage_Verify_Latest_Clips_Section_DBB_3059" tests="1" failures="0" timestamp="09 Dec 2017 00:40:42 GMT" time="0.000" errors="0">
  <testcase name="Verify_Latest_Clips_Section" time="0.000" classname="com.nbcd.Test.TCShowHomePage_Verify_Latest_Clips_Section_DBB_3059">
    <skipped/>
  </testcase> <!-- Verify_Latest_Clips_Section -->
</testsuite> <!-- com.nbcd.Test.TCShowHomePage_Verify_Latest_Clips_Section_DBB_3059 -->
