<?xml version="1.0" encoding="UTF-8"?>
<!-- Generated by org.testng.reporters.JUnitReportReporter -->
<testsuite skipped="1" hostname="LTUS43208" name="com.nbcd.Test.TCShowHomePage_Verify_Filter_DBB_3687" tests="1" failures="0" timestamp="09 Dec 2017 00:40:42 GMT" time="0.000" errors="0">
  <testcase name="VerifyFilter" time="0.000" classname="com.nbcd.Test.TCShowHomePage_Verify_Filter_DBB_3687">
    <skipped/>
  </testcase> <!-- VerifyFilter -->
</testsuite> <!-- com.nbcd.Test.TCShowHomePage_Verify_Filter_DBB_3687 -->
