<?xml version="1.0" encoding="UTF-8"?>
<!-- Generated by org.testng.reporters.JUnitReportReporter -->
<testsuite skipped="1" hostname="LTUS43208" name="com.nbcd.Test.TCShowInnerEpisode_seo_NBCRESP_1081" tests="1" failures="0" timestamp="08 Dec 2017 22:37:38 GMT" time="0.000" errors="0">
  <testcase name="seo" time="0.000" classname="com.nbcd.Test.TCShowInnerEpisode_seo_NBCRESP_1081">
    <skipped/>
  </testcase> <!-- seo -->
</testsuite> <!-- com.nbcd.Test.TCShowInnerEpisode_seo_NBCRESP_1081 -->
