<?xml version="1.0" encoding="UTF-8"?>
<!-- Generated by org.testng.reporters.JUnitReportReporter -->
<testsuite skipped="0" hostname="LTUS43208" name="com.nbcd.Test.TCShowHomePage_Verify_300_250_Display_Ad_DBB_3679" tests="1" failures="0" timestamp="09 Dec 2017 00:38:43 GMT" time="21.559" errors="0">
  <testcase name="Verify_300_250_Display_Ad" time="21.559" classname="com.nbcd.Test.TCShowHomePage_Verify_300_250_Display_Ad_DBB_3679"/>
</testsuite> <!-- com.nbcd.Test.TCShowHomePage_Verify_300_250_Display_Ad_DBB_3679 -->
