<?xml version="1.0" encoding="UTF-8"?>
<!-- Generated by org.testng.reporters.JUnitReportReporter -->
<testsuite skipped="1" hostname="LTUS43208" name="com.nbcd.Test.TCAllShowsPage_VerifyAllShowPageFunctionality_2275" tests="1" failures="0" timestamp="07 Dec 2017 23:27:09 GMT" time="0.000" errors="0">
  <testcase name="VerifyAllShowPageFunctionality" time="0.000" classname="com.nbcd.Test.TCAllShowsPage_VerifyAllShowPageFunctionality_2275">
    <skipped/>
  </testcase> <!-- VerifyAllShowPageFunctionality -->
</testsuite> <!-- com.nbcd.Test.TCAllShowsPage_VerifyAllShowPageFunctionality_2275 -->
