<?xml version="1.0" encoding="UTF-8"?>
<!-- Generated by org.testng.reporters.JUnitReportReporter -->
<testsuite skipped="0" hostname="LTUS43208" name="com.nbcd.Test.TCShowHomePage_043VerifyTwitterTags_DBB_3079" tests="1" failures="0" timestamp="08 Dec 2017 23:55:27 GMT" time="12.382" errors="0">
  <testcase name="TwitterTags" time="12.382" classname="com.nbcd.Test.TCShowHomePage_043VerifyTwitterTags_DBB_3079"/>
</testsuite> <!-- com.nbcd.Test.TCShowHomePage_043VerifyTwitterTags_DBB_3079 -->
