<?xml version="1.0" encoding="UTF-8"?>
<!-- Generated by org.testng.reporters.JUnitReportReporter -->
<testsuite skipped="0" hostname="LTUS43208" name="com.nbcd.Test.TCAppsLandingPage_VerifyAppsLandingPage" tests="1" failures="0" timestamp="04 Dec 2017 21:00:59 GMT" time="24.355" errors="0">
  <testcase name="VerifyAppsLandingPage" time="24.355" classname="com.nbcd.Test.TCAppsLandingPage_VerifyAppsLandingPage"/>
</testsuite> <!-- com.nbcd.Test.TCAppsLandingPage_VerifyAppsLandingPage -->
