<?xml version="1.0" encoding="UTF-8"?>
<!-- Generated by org.testng.reporters.JUnitReportReporter -->
<testsuite skipped="0" hostname="LTUS43208" name="com.nbcd.Test.TCShowHomePage_Verify_Dynamic_Lead_Slide_NBCRESP_1163" tests="1" failures="0" timestamp="11 Dec 2017 08:22:23 GMT" time="14.494" errors="0">
  <testcase name="Verify_Dynamic_Lead_Slide" time="14.494" classname="com.nbcd.Test.TCShowHomePage_Verify_Dynamic_Lead_Slide_NBCRESP_1163"/>
</testsuite> <!-- com.nbcd.Test.TCShowHomePage_Verify_Dynamic_Lead_Slide_NBCRESP_1163 -->
