<?xml version="1.0" encoding="UTF-8"?>
<!-- Generated by org.testng.reporters.JUnitReportReporter -->
<testsuite skipped="0" hostname="LTUS43208" name="com.nbcd.Test.TCLivePage_VerifyLivestreampageSupportedregion_1729" tests="1" failures="0" timestamp="11 Dec 2017 08:26:19 GMT" time="59.830" errors="0">
  <testcase name="VerifyLivestreampageSupportedregion" time="59.830" classname="com.nbcd.Test.TCLivePage_VerifyLivestreampageSupportedregion_1729"/>
</testsuite> <!-- com.nbcd.Test.TCLivePage_VerifyLivestreampageSupportedregion_1729 -->
