<?xml version="1.0" encoding="UTF-8"?>
<!-- Generated by org.testng.reporters.JUnitReportReporter -->
<testsuite skipped="0" hostname="LTUS43208" name="com.nbcd.Test.TCSchedulePage_Verify_Show_Name_Link_NBCRESP_1213" tests="1" failures="0" timestamp="07 Dec 2017 22:14:20 GMT" time="66.580" errors="0">
  <testcase name="SchedulePage_Verify_Show_NameLink" time="66.580" classname="com.nbcd.Test.TCSchedulePage_Verify_Show_Name_Link_NBCRESP_1213"/>
</testsuite> <!-- com.nbcd.Test.TCSchedulePage_Verify_Show_Name_Link_NBCRESP_1213 -->
