<?xml version="1.0" encoding="UTF-8"?>
<!-- Generated by org.testng.reporters.JUnitReportReporter -->
<testsuite skipped="0" hostname="LTUS43208" name="com.nbcd.TestRunner.TestRunner" tests="1" failures="0" timestamp="11 Dec 2017 08:26:19 GMT" time="85.920" errors="0">
  <testcase name="tRun" time="85.920" classname="com.nbcd.TestRunner.TestRunner"/>
</testsuite> <!-- com.nbcd.TestRunner.TestRunner -->
