<?xml version="1.0" encoding="UTF-8"?>
<!-- Generated by org.testng.reporters.JUnitReportReporter -->
<testsuite skipped="1" hostname="LTUS43208" name="com.nbcd.Test.TCShowHomePage_Verify_About_The_Show_NBCRESP_1573" tests="1" failures="0" timestamp="09 Dec 2017 00:40:42 GMT" time="0.000" errors="0">
  <testcase name="Verify_About_The_Show" time="0.000" classname="com.nbcd.Test.TCShowHomePage_Verify_About_The_Show_NBCRESP_1573">
    <skipped/>
  </testcase> <!-- Verify_About_The_Show -->
</testsuite> <!-- com.nbcd.Test.TCShowHomePage_Verify_About_The_Show_NBCRESP_1573 -->
