<?xml version="1.0" encoding="UTF-8"?>
<!-- Generated by org.testng.reporters.JUnitReportReporter -->
<testsuite skipped="1" hostname="LTUS43208" name="com.nbcd.Test.TCShowHomePage_043VerifyFaceBookTags_DBB_3078" tests="1" failures="0" timestamp="08 Dec 2017 22:37:38 GMT" time="0.000" errors="0">
  <testcase name="FBTags" time="0.000" classname="com.nbcd.Test.TCShowHomePage_043VerifyFaceBookTags_DBB_3078">
    <skipped/>
  </testcase> <!-- FBTags -->
</testsuite> <!-- com.nbcd.Test.TCShowHomePage_043VerifyFaceBookTags_DBB_3078 -->
