<?xml version="1.0" encoding="UTF-8"?>
<!-- Generated by org.testng.reporters.JUnitReportReporter -->
<testsuite skipped="1" hostname="LTUS43208" name="com.nbcd.Test.TCShowHomePage_043VerifyFaceBook_SNLTags_DBB_3078" tests="1" failures="0" timestamp="09 Dec 2017 00:40:42 GMT" time="0.000" errors="0">
  <testcase name="FB_SNLTags" time="0.000" classname="com.nbcd.Test.TCShowHomePage_043VerifyFaceBook_SNLTags_DBB_3078">
    <skipped/>
  </testcase> <!-- FB_SNLTags -->
</testsuite> <!-- com.nbcd.Test.TCShowHomePage_043VerifyFaceBook_SNLTags_DBB_3078 -->
